e:\project\с++ 2 курс\lab_rab_one\lab_rab_one\debug\vc142.pdb
e:\project\с++ 2 курс\lab_rab_one\lab_rab_one\debug\vc142.idb
e:\project\с++ 2 курс\lab_rab_one\lab_rab_one\debug\zam.obj
e:\project\с++ 2 курс\lab_rab_one\lab_rab_one\debug\sum.obj
e:\project\с++ 2 курс\lab_rab_one\lab_rab_one\debug\sright.obj
e:\project\с++ 2 курс\lab_rab_one\lab_rab_one\debug\seminar_5.obj
e:\project\с++ 2 курс\lab_rab_one\lab_rab_one\debug\seminar_4.obj
e:\project\с++ 2 курс\lab_rab_one\lab_rab_one\debug\s_3.obj
e:\project\с++ 2 курс\lab_rab_one\lab_rab_one\debug\sdown.obj
e:\project\с++ 2 курс\lab_rab_one\lab_rab_one\debug\menu.obj
e:\project\с++ 2 курс\lab_rab_one\lab_rab_one\debug\main.obj
e:\project\с++ 2 курс\lab_rab_one\lab_rab_one\debug\quantity.obj
e:\project\с++ 2 курс\lab_rab_one\lab_rab_one\debug\cin_distance.obj
e:\project\с++ 2 курс\lab_rab_one\lab_rab_one\debug\display_array.obj
e:\project\с++ 2 курс\lab_rab_one\lab_rab_one\debug\data_enter.obj
e:\project\с++ 2 курс\lab_rab_one\lab_rab_one\debug\check_int.obj
e:\project\с++ 2 курс\lab_rab_one\lab_rab_one\debug\check_doub.obj
e:\project\с++ 2 курс\lab_rab_one\lab_rab_one\debug\lab_rab_one.tlog\cl.command.1.tlog
e:\project\с++ 2 курс\lab_rab_one\lab_rab_one\debug\lab_rab_one.tlog\cl.read.1.tlog
e:\project\с++ 2 курс\lab_rab_one\lab_rab_one\debug\lab_rab_one.tlog\cl.write.1.tlog
